2025-02-22T19:38:21.3815377Z ##[group]Run pnpm build
2025-02-22T19:38:21.3815708Z [36;1mpnpm build[0m
2025-02-22T19:38:21.3815958Z [36;1mpnpm run -r lint[0m
2025-02-22T19:38:21.3816193Z [36;1mpnpm run -r test[0m
2025-02-22T19:38:21.3958581Z shell: /usr/bin/bash -e {0}
2025-02-22T19:38:21.3958848Z env:
2025-02-22T19:38:21.3959045Z   PNPM_VERSION: 10.4.1
2025-02-22T19:38:21.3959261Z   NODE_VERSION: 20.x
2025-02-22T19:38:21.3959676Z   NODE_AUTH_TOKEN: ***
2025-02-22T19:38:21.3959929Z   REGISTRY_URL: https://registry.npmjs.org
2025-02-22T19:38:21.3960207Z   NPM_SCOPE: @redux-ai
2025-02-22T19:38:21.3960466Z   NPM_CONFIG_USERCONFIG: /home/runner/work/_temp/.npmrc
2025-02-22T19:38:21.3960806Z   PNPM_HOME: /home/runner/setup-pnpm/node_modules/.bin
2025-02-22T19:38:21.3961083Z   CI: true
2025-02-22T19:38:21.3961260Z ##[endgroup]
2025-02-22T19:38:21.7814277Z â€‰WARNâ€‰ Issue while reading "/home/runner/work/redux-ai/redux-ai/.npmrc". Failed to replace env in config: ${NPM_TOKEN}
2025-02-22T19:38:21.7815615Z â€‰WARNâ€‰ Issue while reading "/home/runner/work/redux-ai/redux-ai/.npmrc". Failed to replace env in config: ${NPM_TOKEN}
2025-02-22T19:38:21.7925391Z 
2025-02-22T19:38:21.7925916Z > rest-express@1.0.0 build /home/runner/work/redux-ai/redux-ai
2025-02-22T19:38:21.7926993Z > pnpm run -r --filter='./packages/*' build && vite build && esbuild server/index.ts --platform=node --packages=external --bundle --format=esm --outdir=dist
2025-02-22T19:38:21.7927506Z 
2025-02-22T19:38:22.1613355Z â€‰WARNâ€‰ Issue while reading "/home/runner/work/redux-ai/redux-ai/.npmrc". Failed to replace env in config: ${NPM_TOKEN}
2025-02-22T19:38:22.1615555Z â€‰WARNâ€‰ Issue while reading "/home/runner/work/redux-ai/redux-ai/.npmrc". Failed to replace env in config: ${NPM_TOKEN}
2025-02-22T19:38:22.2112846Z Scope: 9 of 11 workspace projects
2025-02-22T19:38:22.2172346Z packages/runtime build$ tsc
2025-02-22T19:38:22.2173191Z packages/schema build$ tsc
2025-02-22T19:38:23.7206478Z packages/runtime build: Done
2025-02-22T19:38:24.1959547Z packages/schema build: Done
2025-02-22T19:38:24.1968251Z packages/express build$ tsc
2025-02-22T19:38:24.1973263Z packages/langchain build$ tsc
2025-02-22T19:38:24.1977897Z packages/nextjs build$ tsc
2025-02-22T19:38:24.1982034Z packages/openai build$ tsc
2025-02-22T19:38:26.9113380Z packages/express build: Done
2025-02-22T19:38:26.9129085Z packages/vector build$ tsc --build
2025-02-22T19:38:27.0105034Z packages/langchain build: Done
2025-02-22T19:38:27.5117284Z packages/nextjs build: Done
2025-02-22T19:38:28.9318296Z packages/vector build: Done
2025-02-22T19:38:31.8460093Z ##[error]packages/openai build: ../../client/src/App.tsx(3,36): error TS2307: Cannot find module '@redux-ai/state' or its corresponding type declarations.
2025-02-22T19:38:31.8471783Z ##[error]packages/openai build: ../react/src/components/ReduxAIProvider.tsx(3,36): error TS2307: Cannot find module '@redux-ai/state' or its corresponding type declarations.
2025-02-22T19:38:31.8475303Z ##[error]packages/openai build: ../react/src/hooks/useReduxAI.ts(2,38): error TS2307: Cannot find module '@redux-ai/state' or its corresponding type declarations.
2025-02-22T19:38:31.8480065Z ##[error]packages/openai build: ../../server/vite.ts(44,5): error TS2322: Type '{ middlewareMode: boolean; hmr: { server: Server<typeof IncomingMessage, typeof ServerResponse>; }; allowedHosts: boolean; }' is not assignable to type 'ServerOptions'.
2025-02-22T19:38:31.8482861Z packages/openai build:   Types of property 'allowedHosts' are incompatible.
2025-02-22T19:38:31.8484008Z packages/openai build:     Type 'boolean' is not assignable to type 'true | string[] | undefined'.
2025-02-22T19:38:31.8811995Z packages/openai build: Failed
2025-02-22T19:38:31.8825149Z /home/runner/work/redux-ai/redux-ai/packages/openai:
2025-02-22T19:38:31.8826347Z â€‰ERR_PNPM_RECURSIVE_RUN_FIRST_FAILâ€‰ @redux-ai/openai@0.1.0 build: `tsc`
2025-02-22T19:38:31.8826972Z Exit status 2
2025-02-22T19:38:31.9026335Z â€‰ELIFECYCLEâ€‰ Command failed with exit code 2.
2025-02-22T19:38:31.9217991Z ##[error]Process completed with exit code 2.
